<?xml version="1.0" encoding="UTF-8"?>
<testng-results ignored="0" total="16" passed="16" failed="0" skipped="0">
  <reporter-output>
  </reporter-output>
  <suite started-at="2025-09-29T12:17:48 IST" name="DemoQA Suite" finished-at="2025-09-29T12:25:04 IST" duration-ms="436745">
    <groups>
    </groups>
    <test started-at="2025-09-29T12:17:48 IST" name="Chrome Tests" finished-at="2025-09-29T12:25:03 IST" duration-ms="434847">
      <class name="com.demoqa.tests.LoginTests">
        <test-method is-config="true" signature="setUp(java.lang.String)[pri:0, instance:com.demoqa.tests.LoginTests@342c38f8]" started-at="2025-09-29T12:17:48 IST" name="setUp" finished-at="2025-09-29T12:17:52 IST" duration-ms="4036" status="PASS">
          <params>
            <param index="0">
              <value>
                <![CDATA[chrome]]>
              </value>
            </param>
          </params>
          <reporter-output>
          </reporter-output>
        </test-method> <!-- setUp -->
        <test-method signature="invalidLoginShowsError()[pri:0, instance:com.demoqa.tests.LoginTests@342c38f8]" started-at="2025-09-29T12:17:52 IST" name="invalidLoginShowsError" finished-at="2025-09-29T12:18:28 IST" duration-ms="36551" status="PASS">
          <reporter-output>
          </reporter-output>
        </test-method> <!-- invalidLoginShowsError -->
        <test-method is-config="true" signature="tearDown()[pri:0, instance:com.demoqa.tests.LoginTests@342c38f8]" started-at="2025-09-29T12:18:28 IST" name="tearDown" finished-at="2025-09-29T12:18:30 IST" duration-ms="1977" status="PASS">
          <reporter-output>
          </reporter-output>
        </test-method> <!-- tearDown -->
        <test-method is-config="true" signature="setUp(java.lang.String)[pri:0, instance:com.demoqa.tests.LoginTests@342c38f8]" started-at="2025-09-29T12:18:30 IST" name="setUp" finished-at="2025-09-29T12:18:34 IST" duration-ms="3309" status="PASS">
          <params>
            <param index="0">
              <value>
                <![CDATA[chrome]]>
              </value>
            </param>
          </params>
          <reporter-output>
          </reporter-output>
        </test-method> <!-- setUp -->
        <test-method signature="requiredFieldValidation()[pri:0, instance:com.demoqa.tests.LoginTests@342c38f8]" started-at="2025-09-29T12:18:34 IST" name="requiredFieldValidation" finished-at="2025-09-29T12:19:13 IST" duration-ms="39753" status="PASS">
          <reporter-output>
          </reporter-output>
        </test-method> <!-- requiredFieldValidation -->
        <test-method is-config="true" signature="tearDown()[pri:0, instance:com.demoqa.tests.LoginTests@342c38f8]" started-at="2025-09-29T12:19:13 IST" name="tearDown" finished-at="2025-09-29T12:19:14 IST" duration-ms="1014" status="PASS">
          <reporter-output>
          </reporter-output>
        </test-method> <!-- tearDown -->
        <test-method is-config="true" signature="setUp(java.lang.String)[pri:0, instance:com.demoqa.tests.LoginTests@342c38f8]" started-at="2025-09-29T12:19:14 IST" name="setUp" finished-at="2025-09-29T12:19:18 IST" duration-ms="4032" status="PASS">
          <params>
            <param index="0">
              <value>
                <![CDATA[chrome]]>
              </value>
            </param>
          </params>
          <reporter-output>
          </reporter-output>
        </test-method> <!-- setUp -->
        <test-method signature="validLogin()[pri:0, instance:com.demoqa.tests.LoginTests@342c38f8]" started-at="2025-09-29T12:19:18 IST" name="validLogin" finished-at="2025-09-29T12:19:57 IST" duration-ms="38476" status="PASS">
          <reporter-output>
          </reporter-output>
        </test-method> <!-- validLogin -->
        <test-method is-config="true" signature="tearDown()[pri:0, instance:com.demoqa.tests.LoginTests@342c38f8]" started-at="2025-09-29T12:19:57 IST" name="tearDown" finished-at="2025-09-29T12:19:59 IST" duration-ms="2084" status="PASS">
          <reporter-output>
          </reporter-output>
        </test-method> <!-- tearDown -->
      </class> <!-- com.demoqa.tests.LoginTests -->
      <class name="com.demoqa.tests.WebTablesTests">
        <test-method is-config="true" signature="setUp(java.lang.String)[pri:0, instance:com.demoqa.tests.WebTablesTests@82de64a]" started-at="2025-09-29T12:23:02 IST" name="setUp" finished-at="2025-09-29T12:23:05 IST" duration-ms="3141" status="PASS">
          <params>
            <param index="0">
              <value>
                <![CDATA[chrome]]>
              </value>
            </param>
          </params>
          <reporter-output>
          </reporter-output>
        </test-method> <!-- setUp -->
        <test-method signature="tableAddEditDelete()[pri:0, instance:com.demoqa.tests.WebTablesTests@82de64a]" started-at="2025-09-29T12:23:05 IST" name="tableAddEditDelete" finished-at="2025-09-29T12:24:19 IST" duration-ms="73886" status="PASS">
          <reporter-output>
          </reporter-output>
        </test-method> <!-- tableAddEditDelete -->
        <test-method is-config="true" signature="tearDown()[pri:0, instance:com.demoqa.tests.WebTablesTests@82de64a]" started-at="2025-09-29T12:24:19 IST" name="tearDown" finished-at="2025-09-29T12:24:22 IST" duration-ms="2365" status="PASS">
          <reporter-output>
          </reporter-output>
        </test-method> <!-- tearDown -->
      </class> <!-- com.demoqa.tests.WebTablesTests -->
      <class name="com.demoqa.tests.LoginDataDrivenTests">
        <test-method is-config="true" signature="setUp(java.lang.String)[pri:0, instance:com.demoqa.tests.LoginDataDrivenTests@71a8adcf]" started-at="2025-09-29T12:19:59 IST" name="setUp" finished-at="2025-09-29T12:20:03 IST" duration-ms="4052" status="PASS">
          <params>
            <param index="0">
              <value>
                <![CDATA[chrome]]>
              </value>
            </param>
          </params>
          <reporter-output>
          </reporter-output>
        </test-method> <!-- setUp -->
        <test-method signature="testLoginScenarios(java.lang.String,java.lang.String,java.lang.String)[pri:0, instance:com.demoqa.tests.LoginDataDrivenTests@71a8adcf]" started-at="2025-09-29T12:20:03 IST" name="testLoginScenarios" data-provider="loginData" finished-at="2025-09-29T12:20:42 IST" duration-ms="38596" status="PASS">
          <params>
            <param index="0">
              <value>
                <![CDATA[testuser]]>
              </value>
            </param>
            <param index="1">
              <value>
                <![CDATA[Password@123]]>
              </value>
            </param>
            <param index="2">
              <value>
                <![CDATA[valid]]>
              </value>
            </param>
          </params>
          <reporter-output>
          </reporter-output>
        </test-method> <!-- testLoginScenarios -->
        <test-method is-config="true" signature="tearDown()[pri:0, instance:com.demoqa.tests.LoginDataDrivenTests@71a8adcf]" started-at="2025-09-29T12:20:42 IST" name="tearDown" finished-at="2025-09-29T12:20:44 IST" duration-ms="1947" status="PASS">
          <reporter-output>
          </reporter-output>
        </test-method> <!-- tearDown -->
        <test-method is-config="true" signature="setUp(java.lang.String)[pri:0, instance:com.demoqa.tests.LoginDataDrivenTests@71a8adcf]" started-at="2025-09-29T12:20:44 IST" name="setUp" finished-at="2025-09-29T12:20:48 IST" duration-ms="3822" status="PASS">
          <params>
            <param index="0">
              <value>
                <![CDATA[chrome]]>
              </value>
            </param>
          </params>
          <reporter-output>
          </reporter-output>
        </test-method> <!-- setUp -->
        <test-method signature="testLoginScenarios(java.lang.String,java.lang.String,java.lang.String)[pri:0, instance:com.demoqa.tests.LoginDataDrivenTests@71a8adcf]" started-at="2025-09-29T12:20:48 IST" name="testLoginScenarios" data-provider="loginData" finished-at="2025-09-29T12:21:30 IST" duration-ms="42653" status="PASS">
          <params>
            <param index="0">
              <value>
                <![CDATA[invalid]]>
              </value>
            </param>
            <param index="1">
              <value>
                <![CDATA[wrongpass]]>
              </value>
            </param>
            <param index="2">
              <value>
                <![CDATA[invalid]]>
              </value>
            </param>
          </params>
          <reporter-output>
          </reporter-output>
        </test-method> <!-- testLoginScenarios -->
        <test-method is-config="true" signature="tearDown()[pri:0, instance:com.demoqa.tests.LoginDataDrivenTests@71a8adcf]" started-at="2025-09-29T12:21:30 IST" name="tearDown" finished-at="2025-09-29T12:21:31 IST" duration-ms="1040" status="PASS">
          <reporter-output>
          </reporter-output>
        </test-method> <!-- tearDown -->
      </class> <!-- com.demoqa.tests.LoginDataDrivenTests -->
      <class name="com.demoqa.tests.CheckBoxTests">
        <test-method is-config="true" signature="setUp(java.lang.String)[pri:0, instance:com.demoqa.tests.CheckBoxTests@659499f1]" started-at="2025-09-29T12:24:22 IST" name="setUp" finished-at="2025-09-29T12:24:25 IST" duration-ms="3695" status="PASS">
          <params>
            <param index="0">
              <value>
                <![CDATA[chrome]]>
              </value>
            </param>
          </params>
          <reporter-output>
          </reporter-output>
        </test-method> <!-- setUp -->
        <test-method signature="selectCheckboxesAndValidateOutput()[pri:0, instance:com.demoqa.tests.CheckBoxTests@659499f1]" started-at="2025-09-29T12:24:25 IST" name="selectCheckboxesAndValidateOutput" finished-at="2025-09-29T12:25:00 IST" duration-ms="35208" status="PASS">
          <reporter-output>
          </reporter-output>
        </test-method> <!-- selectCheckboxesAndValidateOutput -->
        <test-method is-config="true" signature="tearDown()[pri:0, instance:com.demoqa.tests.CheckBoxTests@659499f1]" started-at="2025-09-29T12:25:00 IST" name="tearDown" finished-at="2025-09-29T12:25:03 IST" duration-ms="2159" status="PASS">
          <reporter-output>
          </reporter-output>
        </test-method> <!-- tearDown -->
      </class> <!-- com.demoqa.tests.CheckBoxTests -->
      <class name="com.demoqa.tests.PracticeFormTests">
        <test-method is-config="true" signature="setUp(java.lang.String)[pri:0, instance:com.demoqa.tests.PracticeFormTests@27462a88]" started-at="2025-09-29T12:21:31 IST" name="setUp" finished-at="2025-09-29T12:21:34 IST" duration-ms="3005" status="PASS">
          <params>
            <param index="0">
              <value>
                <![CDATA[chrome]]>
              </value>
            </param>
          </params>
          <reporter-output>
          </reporter-output>
        </test-method> <!-- setUp -->
        <test-method signature="fillPracticeFormAndValidate()[pri:0, instance:com.demoqa.tests.PracticeFormTests@27462a88]" started-at="2025-09-29T12:21:34 IST" name="fillPracticeFormAndValidate" finished-at="2025-09-29T12:23:00 IST" duration-ms="85878" status="PASS">
          <reporter-output>
          </reporter-output>
        </test-method> <!-- fillPracticeFormAndValidate -->
        <test-method is-config="true" signature="tearDown()[pri:0, instance:com.demoqa.tests.PracticeFormTests@27462a88]" started-at="2025-09-29T12:23:00 IST" name="tearDown" finished-at="2025-09-29T12:23:02 IST" duration-ms="1941" status="PASS">
          <reporter-output>
          </reporter-output>
        </test-method> <!-- tearDown -->
      </class> <!-- com.demoqa.tests.PracticeFormTests -->
    </test> <!-- Chrome Tests -->
    <test started-at="2025-09-29T12:17:48 IST" name="Firefox Tests" finished-at="2025-09-29T12:25:04 IST" duration-ms="436744">
      <class name="com.demoqa.tests.LoginTests">
        <test-method is-config="true" signature="setUp(java.lang.String)[pri:0, instance:com.demoqa.tests.LoginTests@368247b9]" started-at="2025-09-29T12:17:48 IST" name="setUp" finished-at="2025-09-29T12:17:51 IST" duration-ms="3670" status="PASS">
          <params>
            <param index="0">
              <value>
                <![CDATA[chrome]]>
              </value>
            </param>
          </params>
          <reporter-output>
          </reporter-output>
        </test-method> <!-- setUp -->
        <test-method signature="invalidLoginShowsError()[pri:0, instance:com.demoqa.tests.LoginTests@368247b9]" started-at="2025-09-29T12:17:51 IST" name="invalidLoginShowsError" finished-at="2025-09-29T12:18:29 IST" duration-ms="37252" status="PASS">
          <reporter-output>
          </reporter-output>
        </test-method> <!-- invalidLoginShowsError -->
        <test-method is-config="true" signature="tearDown()[pri:0, instance:com.demoqa.tests.LoginTests@368247b9]" started-at="2025-09-29T12:18:29 IST" name="tearDown" finished-at="2025-09-29T12:18:31 IST" duration-ms="2017" status="PASS">
          <reporter-output>
          </reporter-output>
        </test-method> <!-- tearDown -->
        <test-method is-config="true" signature="setUp(java.lang.String)[pri:0, instance:com.demoqa.tests.LoginTests@368247b9]" started-at="2025-09-29T12:18:31 IST" name="setUp" finished-at="2025-09-29T12:18:34 IST" duration-ms="3205" status="PASS">
          <params>
            <param index="0">
              <value>
                <![CDATA[chrome]]>
              </value>
            </param>
          </params>
          <reporter-output>
          </reporter-output>
        </test-method> <!-- setUp -->
        <test-method signature="requiredFieldValidation()[pri:0, instance:com.demoqa.tests.LoginTests@368247b9]" started-at="2025-09-29T12:18:34 IST" name="requiredFieldValidation" finished-at="2025-09-29T12:19:18 IST" duration-ms="43686" status="PASS">
          <reporter-output>
          </reporter-output>
        </test-method> <!-- requiredFieldValidation -->
        <test-method is-config="true" signature="tearDown()[pri:0, instance:com.demoqa.tests.LoginTests@368247b9]" started-at="2025-09-29T12:19:18 IST" name="tearDown" finished-at="2025-09-29T12:19:20 IST" duration-ms="2011" status="PASS">
          <reporter-output>
          </reporter-output>
        </test-method> <!-- tearDown -->
        <test-method is-config="true" signature="setUp(java.lang.String)[pri:0, instance:com.demoqa.tests.LoginTests@368247b9]" started-at="2025-09-29T12:19:20 IST" name="setUp" finished-at="2025-09-29T12:19:23 IST" duration-ms="2937" status="PASS">
          <params>
            <param index="0">
              <value>
                <![CDATA[chrome]]>
              </value>
            </param>
          </params>
          <reporter-output>
          </reporter-output>
        </test-method> <!-- setUp -->
        <test-method signature="validLogin()[pri:0, instance:com.demoqa.tests.LoginTests@368247b9]" started-at="2025-09-29T12:19:23 IST" name="validLogin" finished-at="2025-09-29T12:20:05 IST" duration-ms="42299" status="PASS">
          <reporter-output>
          </reporter-output>
        </test-method> <!-- validLogin -->
        <test-method is-config="true" signature="tearDown()[pri:0, instance:com.demoqa.tests.LoginTests@368247b9]" started-at="2025-09-29T12:20:05 IST" name="tearDown" finished-at="2025-09-29T12:20:07 IST" duration-ms="1992" status="PASS">
          <reporter-output>
          </reporter-output>
        </test-method> <!-- tearDown -->
      </class> <!-- com.demoqa.tests.LoginTests -->
      <class name="com.demoqa.tests.WebTablesTests">
        <test-method is-config="true" signature="setUp(java.lang.String)[pri:0, instance:com.demoqa.tests.WebTablesTests@55a147cc]" started-at="2025-09-29T12:23:00 IST" name="setUp" finished-at="2025-09-29T12:23:05 IST" duration-ms="4939" status="PASS">
          <params>
            <param index="0">
              <value>
                <![CDATA[chrome]]>
              </value>
            </param>
          </params>
          <reporter-output>
          </reporter-output>
        </test-method> <!-- setUp -->
        <test-method signature="tableAddEditDelete()[pri:0, instance:com.demoqa.tests.WebTablesTests@55a147cc]" started-at="2025-09-29T12:23:05 IST" name="tableAddEditDelete" finished-at="2025-09-29T12:24:20 IST" duration-ms="74126" status="PASS">
          <reporter-output>
          </reporter-output>
        </test-method> <!-- tableAddEditDelete -->
        <test-method is-config="true" signature="tearDown()[pri:0, instance:com.demoqa.tests.WebTablesTests@55a147cc]" started-at="2025-09-29T12:24:20 IST" name="tearDown" finished-at="2025-09-29T12:24:22 IST" duration-ms="2162" status="PASS">
          <reporter-output>
          </reporter-output>
        </test-method> <!-- tearDown -->
      </class> <!-- com.demoqa.tests.WebTablesTests -->
      <class name="com.demoqa.tests.LoginDataDrivenTests">
        <test-method is-config="true" signature="setUp(java.lang.String)[pri:0, instance:com.demoqa.tests.LoginDataDrivenTests@1a6d8329]" started-at="2025-09-29T12:20:07 IST" name="setUp" finished-at="2025-09-29T12:20:11 IST" duration-ms="3744" status="PASS">
          <params>
            <param index="0">
              <value>
                <![CDATA[chrome]]>
              </value>
            </param>
          </params>
          <reporter-output>
          </reporter-output>
        </test-method> <!-- setUp -->
        <test-method signature="testLoginScenarios(java.lang.String,java.lang.String,java.lang.String)[pri:0, instance:com.demoqa.tests.LoginDataDrivenTests@1a6d8329]" started-at="2025-09-29T12:20:11 IST" name="testLoginScenarios" data-provider="loginData" finished-at="2025-09-29T12:20:50 IST" duration-ms="39621" status="PASS">
          <params>
            <param index="0">
              <value>
                <![CDATA[testuser]]>
              </value>
            </param>
            <param index="1">
              <value>
                <![CDATA[Password@123]]>
              </value>
            </param>
            <param index="2">
              <value>
                <![CDATA[valid]]>
              </value>
            </param>
          </params>
          <reporter-output>
          </reporter-output>
        </test-method> <!-- testLoginScenarios -->
        <test-method is-config="true" signature="tearDown()[pri:0, instance:com.demoqa.tests.LoginDataDrivenTests@1a6d8329]" started-at="2025-09-29T12:20:50 IST" name="tearDown" finished-at="2025-09-29T12:20:51 IST" duration-ms="1032" status="PASS">
          <reporter-output>
          </reporter-output>
        </test-method> <!-- tearDown -->
        <test-method is-config="true" signature="setUp(java.lang.String)[pri:0, instance:com.demoqa.tests.LoginDataDrivenTests@1a6d8329]" started-at="2025-09-29T12:20:51 IST" name="setUp" finished-at="2025-09-29T12:20:55 IST" duration-ms="3822" status="PASS">
          <params>
            <param index="0">
              <value>
                <![CDATA[chrome]]>
              </value>
            </param>
          </params>
          <reporter-output>
          </reporter-output>
        </test-method> <!-- setUp -->
        <test-method signature="testLoginScenarios(java.lang.String,java.lang.String,java.lang.String)[pri:0, instance:com.demoqa.tests.LoginDataDrivenTests@1a6d8329]" started-at="2025-09-29T12:20:55 IST" name="testLoginScenarios" data-provider="loginData" finished-at="2025-09-29T12:21:30 IST" duration-ms="34833" status="PASS">
          <params>
            <param index="0">
              <value>
                <![CDATA[invalid]]>
              </value>
            </param>
            <param index="1">
              <value>
                <![CDATA[wrongpass]]>
              </value>
            </param>
            <param index="2">
              <value>
                <![CDATA[invalid]]>
              </value>
            </param>
          </params>
          <reporter-output>
          </reporter-output>
        </test-method> <!-- testLoginScenarios -->
        <test-method is-config="true" signature="tearDown()[pri:0, instance:com.demoqa.tests.LoginDataDrivenTests@1a6d8329]" started-at="2025-09-29T12:21:30 IST" name="tearDown" finished-at="2025-09-29T12:21:32 IST" duration-ms="1984" status="PASS">
          <reporter-output>
          </reporter-output>
        </test-method> <!-- tearDown -->
      </class> <!-- com.demoqa.tests.LoginDataDrivenTests -->
      <class name="com.demoqa.tests.CheckBoxTests">
        <test-method is-config="true" signature="setUp(java.lang.String)[pri:0, instance:com.demoqa.tests.CheckBoxTests@71ba6d4e]" started-at="2025-09-29T12:24:22 IST" name="setUp" finished-at="2025-09-29T12:24:25 IST" duration-ms="3121" status="PASS">
          <params>
            <param index="0">
              <value>
                <![CDATA[chrome]]>
              </value>
            </param>
          </params>
          <reporter-output>
          </reporter-output>
        </test-method> <!-- setUp -->
        <test-method signature="selectCheckboxesAndValidateOutput()[pri:0, instance:com.demoqa.tests.CheckBoxTests@71ba6d4e]" started-at="2025-09-29T12:24:25 IST" name="selectCheckboxesAndValidateOutput" finished-at="2025-09-29T12:25:02 IST" duration-ms="37587" status="PASS">
          <reporter-output>
          </reporter-output>
        </test-method> <!-- selectCheckboxesAndValidateOutput -->
        <test-method is-config="true" signature="tearDown()[pri:0, instance:com.demoqa.tests.CheckBoxTests@71ba6d4e]" started-at="2025-09-29T12:25:02 IST" name="tearDown" finished-at="2025-09-29T12:25:04 IST" duration-ms="2049" status="PASS">
          <reporter-output>
          </reporter-output>
        </test-method> <!-- tearDown -->
      </class> <!-- com.demoqa.tests.CheckBoxTests -->
      <class name="com.demoqa.tests.PracticeFormTests">
        <test-method is-config="true" signature="setUp(java.lang.String)[pri:0, instance:com.demoqa.tests.PracticeFormTests@1a942c18]" started-at="2025-09-29T12:21:32 IST" name="setUp" finished-at="2025-09-29T12:21:35 IST" duration-ms="3126" status="PASS">
          <params>
            <param index="0">
              <value>
                <![CDATA[chrome]]>
              </value>
            </param>
          </params>
          <reporter-output>
          </reporter-output>
        </test-method> <!-- setUp -->
        <test-method signature="fillPracticeFormAndValidate()[pri:0, instance:com.demoqa.tests.PracticeFormTests@1a942c18]" started-at="2025-09-29T12:21:35 IST" name="fillPracticeFormAndValidate" finished-at="2025-09-29T12:23:00 IST" duration-ms="84478" status="PASS">
          <reporter-output>
          </reporter-output>
        </test-method> <!-- fillPracticeFormAndValidate -->
        <test-method is-config="true" signature="tearDown()[pri:0, instance:com.demoqa.tests.PracticeFormTests@1a942c18]" started-at="2025-09-29T12:23:00 IST" name="tearDown" finished-at="2025-09-29T12:23:00 IST" duration-ms="926" status="PASS">
          <reporter-output>
          </reporter-output>
        </test-method> <!-- tearDown -->
      </class> <!-- com.demoqa.tests.PracticeFormTests -->
    </test> <!-- Firefox Tests -->
  </suite> <!-- DemoQA Suite -->
</testng-results>
