<?xml version="1.0" encoding="UTF-8"?>
<!-- Generated by org.testng.reporters.JUnitXMLReporter -->
<testsuite ignored="0" hostname="REACH-IND-0166.local" failures="0" tests="8" name="Chrome Tests" time="434.847" errors="0" timestamp="2025-09-29T12:25:08 IST">
  <testcase classname="com.demoqa.tests.LoginTests" name="invalidLoginShowsError" time="36.551"/>
  <testcase classname="com.demoqa.tests.LoginTests" name="requiredFieldValidation" time="39.753"/>
  <testcase classname="com.demoqa.tests.LoginTests" name="validLogin" time="38.476"/>
  <testcase classname="com.demoqa.tests.LoginDataDrivenTests" name="testLoginScenarios" time="38.596"/>
  <testcase classname="com.demoqa.tests.LoginDataDrivenTests" name="testLoginScenarios" time="42.653"/>
  <testcase classname="com.demoqa.tests.PracticeFormTests" name="fillPracticeFormAndValidate" time="85.878"/>
  <testcase classname="com.demoqa.tests.WebTablesTests" name="tableAddEditDelete" time="73.886"/>
  <testcase classname="com.demoqa.tests.CheckBoxTests" name="selectCheckboxesAndValidateOutput" time="35.208"/>
</testsuite> <!-- Chrome Tests -->
