<?xml version="1.0" encoding="UTF-8"?>
<!-- Generated by org.testng.reporters.JUnitXMLReporter -->
<testsuite ignored="0" hostname="REACH-IND-0166.local" failures="0" tests="8" name="Firefox Tests" time="436.744" errors="0" timestamp="2025-09-29T12:25:09 IST">
  <testcase classname="com.demoqa.tests.LoginTests" name="invalidLoginShowsError" time="37.252"/>
  <testcase classname="com.demoqa.tests.LoginTests" name="requiredFieldValidation" time="43.686"/>
  <testcase classname="com.demoqa.tests.LoginTests" name="validLogin" time="42.299"/>
  <testcase classname="com.demoqa.tests.LoginDataDrivenTests" name="testLoginScenarios" time="39.621"/>
  <testcase classname="com.demoqa.tests.LoginDataDrivenTests" name="testLoginScenarios" time="34.833"/>
  <testcase classname="com.demoqa.tests.PracticeFormTests" name="fillPracticeFormAndValidate" time="84.478"/>
  <testcase classname="com.demoqa.tests.WebTablesTests" name="tableAddEditDelete" time="74.126"/>
  <testcase classname="com.demoqa.tests.CheckBoxTests" name="selectCheckboxesAndValidateOutput" time="37.587"/>
</testsuite> <!-- Firefox Tests -->
