<?xml version="1.0" encoding="UTF-8"?>
<!-- Generated by org.testng.reporters.JUnitReportReporter -->
<testsuite hostname="REACH-IND-0166.local" failures="0" tests="6" name="com.demoqa.tests.LoginTests" time="270.301" errors="0" timestamp="2025-09-29T12:25:10 IST" skipped="0">
  <testcase classname="com.demoqa.tests.LoginTests" name="validLogin" time="43.526"/>
  <testcase classname="com.demoqa.tests.LoginTests" name="requiredFieldValidation" time="45.146"/>
  <testcase classname="com.demoqa.tests.LoginTests" name="validLogin" time="47.521"/>
  <testcase classname="com.demoqa.tests.LoginTests" name="requiredFieldValidation" time="49.367"/>
  <testcase classname="com.demoqa.tests.LoginTests" name="invalidLoginShowsError" time="42.560"/>
  <testcase classname="com.demoqa.tests.LoginTests" name="invalidLoginShowsError" time="42.181"/>
</testsuite> <!-- com.demoqa.tests.LoginTests -->
