<?xml version="1.0" encoding="UTF-8"?>
<!-- Generated by org.testng.reporters.JUnitReportReporter -->
<testsuite hostname="REACH-IND-0166.local" failures="0" tests="2" name="com.demoqa.tests.WebTablesTests" time="160.619" errors="0" timestamp="2025-09-29T12:25:10 IST" skipped="0">
  <testcase classname="com.demoqa.tests.WebTablesTests" name="tableAddEditDelete" time="81.227"/>
  <testcase classname="com.demoqa.tests.WebTablesTests" name="tableAddEditDelete" time="79.392"/>
</testsuite> <!-- com.demoqa.tests.WebTablesTests -->
