<?xml version="1.0" encoding="UTF-8"?>
<!-- Generated by org.testng.reporters.JUnitReportReporter -->
<testsuite hostname="REACH-IND-0166.local" failures="0" tests="2" name="com.demoqa.tests.PracticeFormTests" time="179.354" errors="0" timestamp="2025-09-29T12:25:10 IST" skipped="0">
  <testcase classname="com.demoqa.tests.PracticeFormTests" name="fillPracticeFormAndValidate" time="90.824"/>
  <testcase classname="com.demoqa.tests.PracticeFormTests" name="fillPracticeFormAndValidate" time="88.530"/>
</testsuite> <!-- com.demoqa.tests.PracticeFormTests -->
