<?xml version="1.0" encoding="UTF-8"?>
<!-- Generated by org.testng.reporters.JUnitReportReporter -->
<testsuite hostname="REACH-IND-0166.local" failures="0" tests="2" name="com.demoqa.tests.CheckBoxTests" time="83.819" errors="0" timestamp="2025-09-29T12:25:10 IST" skipped="0">
  <testcase classname="com.demoqa.tests.CheckBoxTests" name="selectCheckboxesAndValidateOutput" time="41.062"/>
  <testcase classname="com.demoqa.tests.CheckBoxTests" name="selectCheckboxesAndValidateOutput" time="42.757"/>
</testsuite> <!-- com.demoqa.tests.CheckBoxTests -->
