<?xml version="1.0" encoding="UTF-8"?>
<!-- Generated by org.testng.reporters.JUnitReportReporter -->
<testsuite hostname="REACH-IND-0166.local" failures="0" tests="4" name="com.demoqa.tests.LoginDataDrivenTests" time="177.146" errors="0" timestamp="2025-09-29T12:25:10 IST" skipped="0">
  <testcase classname="com.demoqa.tests.LoginDataDrivenTests" name="testLoginScenarios" time="44.365"/>
  <testcase classname="com.demoqa.tests.LoginDataDrivenTests" name="testLoginScenarios" time="39.609"/>
  <testcase classname="com.demoqa.tests.LoginDataDrivenTests" name="testLoginScenarios" time="47.745"/>
  <testcase classname="com.demoqa.tests.LoginDataDrivenTests" name="testLoginScenarios" time="45.427"/>
</testsuite> <!-- com.demoqa.tests.LoginDataDrivenTests -->
